<?xml version="1.0" encoding="UTF-8" ?>
<testsuite tests="1" failures="0" name="com.vivek.genericjava.AppTest" time="0.005" errors="0" skipped="0">
  <properties>
    <property name="java.runtime.name" value="Java(TM) SE Runtime Environment"/>
    <property name="sun.boot.library.path" value="C:\sapjvm-8.1.033-windows-x64\sapjvm_8\jre\bin"/>
    <property name="java.vm.version" value="8.1.033 25.51-b13"/>
    <property name="com.sap.vm.compressedoops" value="true"/>
    <property name="java.vm.vendor" value="SAP AG"/>
    <property name="maven.multiModuleProjectDirectory" value="C:\Users\i077837\git\generic_java"/>
    <property name="java.vendor.url" value="http://www.sap.com/"/>
    <property name="path.separator" value=";"/>
    <property name="guice.disable.misplaced.annotation.check" value="true"/>
    <property name="java.vm.name" value="SAP Java Server VM"/>
    <property name="file.encoding.pkg" value="sun.io"/>
    <property name="user.script" value=""/>
    <property name="user.country" value="US"/>
    <property name="sun.java.launcher" value="SAP_STANDARD"/>
    <property name="sun.os.patch.level" value=""/>
    <property name="java.vm.compressedOopsMode" value="32-bits Oops"/>
    <property name="java.vm.specification.name" value="Java Virtual Machine Specification"/>
    <property name="user.dir" value="C:\Users\i077837\git\generic_java"/>
    <property name="com.sap.vm.codeline" value="81_REL"/>
    <property name="java.runtime.version" value="8.1.033"/>
    <property name="java.awt.graphicsenv" value="sun.awt.Win32GraphicsEnvironment"/>
    <property name="java.endorsed.dirs" value="C:\sapjvm-8.1.033-windows-x64\sapjvm_8\jre\lib\endorsed"/>
    <property name="os.arch" value="amd64"/>
    <property name="java.io.tmpdir" value="C:\Users\i077837\AppData\Local\Temp\"/>
    <property name="line.separator" value="
"/>
    <property name="java.vm.specification.vendor" value="Oracle Corporation"/>
    <property name="user.variant" value=""/>
    <property name="os.name" value="Windows 10"/>
    <property name="com.sap.vm.type" value="opt"/>
    <property name="classworlds.conf" value="C:\Users\i077837\eclipse-workspace\.metadata\.plugins\org.eclipse.m2e.launching\launches\m2conf3937816745408210033.tmp"/>
    <property name="sun.jnu.encoding" value="Cp1252"/>
    <property name="java.library.path" value="C:\sapjvm-8.1.033-windows-x64\sapjvm_8\bin;C:\WINDOWS\Sun\Java\bin;C:\WINDOWS\system32;C:\WINDOWS;C:/sapjvm-8.1.033-windows-x64/sapjvm_8/jre/bin/server;C:/sapjvm-8.1.033-windows-x64/sapjvm_8/jre/bin;C:/sapjvm-8.1.033-windows-x64/sapjvm_8/jre/lib/amd64;C:\Program Files\Docker\Docker\Resources\bin;C:\WINDOWS\system32;C:\WINDOWS;C:\WINDOWS\System32\Wbem;C:\WINDOWS\System32\WindowsPowerShell\v1.0\;C:\sapjvm-8.1.033-windows-x64\sapjvm_8\bin;C:\Program Files\Cloud Foundry;C:\Program Files\Git\cmd;C:\apache-maven-3.5.2\bin;C:\Program Files\nodejs\;C:\Users\i077837\Desktop\DevOps\XS_CLIENT00P_78-70001792\bin;C:\Users\i077837\AppData\Local\Programs\Python\Python36\Scripts\;C:\Users\i077837\AppData\Local\Programs\Python\Python36\;C:\Users\i077837\AppData\Local\Microsoft\WindowsApps;C:\Users\i077837\AppData\Roaming\npm;C:\Users\i077837\AppData\Local\atom\bin;C:\Users\i077837\Desktop;;."/>
    <property name="com.sap.vm.version" value="10"/>
    <property name="java.specification.name" value="Java Platform API Specification"/>
    <property name="java.class.version" value="52.0"/>
    <property name="sun.management.compiler" value="HotSpot 64-Bit Tiered Compilers"/>
    <property name="os.version" value="10.0"/>
    <property name="user.home" value="C:\Users\i077837"/>
    <property name="user.timezone" value="America/New_York"/>
    <property name="java.awt.printerjob" value="sun.awt.windows.WPrinterJob"/>
    <property name="java.specification.version" value="1.8"/>
    <property name="file.encoding" value="Cp1252"/>
    <property name="user.name" value="I077837"/>
    <property name="java.class.path" value="C:\Users\i077837\.p2\pool\plugins\org.eclipse.m2e.maven.runtime_1.8.2.20171007-0216\jars\plexus-classworlds-2.5.2.jar"/>
    <property name="java.vm.specification.version" value="1.8"/>
    <property name="sun.arch.data.model" value="64"/>
    <property name="java.home" value="C:\sapjvm-8.1.033-windows-x64\sapjvm_8\jre"/>
    <property name="java.specification.vendor" value="Oracle Corporation"/>
    <property name="user.language" value="en"/>
    <property name="awt.toolkit" value="sun.awt.windows.WToolkit"/>
    <property name="java.vm.info" value="Sep 22 2017 15:52:27 - 81_REL - optU - windows amd64 - 6 - bas2:294579 (mixed mode)"/>
    <property name="java.version" value="1.8.0_144"/>
    <property name="java.ext.dirs" value="C:\sapjvm-8.1.033-windows-x64\sapjvm_8\jre\lib\ext-sap;C:\sapjvm-8.1.033-windows-x64\sapjvm_8\jre\lib\ext;C:\WINDOWS\Sun\Java\lib\ext"/>
    <property name="sun.boot.class.path" value="C:\sapjvm-8.1.033-windows-x64\sapjvm_8\jre\lib\resources.jar;C:\sapjvm-8.1.033-windows-x64\sapjvm_8\jre\lib\rt.jar;C:\sapjvm-8.1.033-windows-x64\sapjvm_8\jre\lib\sunrsasign.jar;C:\sapjvm-8.1.033-windows-x64\sapjvm_8\jre\lib\jsse.jar;C:\sapjvm-8.1.033-windows-x64\sapjvm_8\jre\lib\jce.jar;C:\sapjvm-8.1.033-windows-x64\sapjvm_8\jre\lib\charsets.jar;C:\sapjvm-8.1.033-windows-x64\sapjvm_8\jre\lib\jfr.jar;C:\sapjvm-8.1.033-windows-x64\sapjvm_8\jre\classes"/>
    <property name="java.vendor" value="SAP AG"/>
    <property name="maven.home" value="C:\Users\i077837\git\generic_java\EMBEDDED"/>
    <property name="file.separator" value="\"/>
    <property name="java.vendor.url.bug" value="https://support.sap.com"/>
    <property name="sun.cpu.endian" value="little"/>
    <property name="sun.io.unicode.encoding" value="UnicodeLittle"/>
    <property name="com.sap.vm.profilingserver" value="true"/>
    <property name="sun.desktop" value="windows"/>
    <property name="sun.cpu.isalist" value="amd64"/>
  </properties>
  <testcase classname="com.vivek.genericjava.AppTest" name="testApp" time="0.005"/>
</testsuite>